app/build/intermediates/manifest_merge_blame_file/debug/processDebugMainManifest/manifest-merger-blame-debug-report.txt
1<?xml version="1.0" encoding="utf-8"?>
2<manifest xmlns:android="http://schemas.android.com/apk/res/android"
3    package="com.vanraj.assistant"
4    android:versionCode="1"
5    android:versionName="1.0" >
6
7    <uses-sdk
8        android:minSdkVersion="26"
9        android:targetSdkVersion="35" />
10
11    <application
11-->src/main/AndroidManifest.xml:3:5-31:19
12        android:debuggable="true"
13        android:extractNativeLibs="false"
14        android:label="Voice Assistant"
14-->src/main/AndroidManifest.xml:5:9-40
15        android:theme="@style/AppTheme" >
15-->src/main/AndroidManifest.xml:4:9-40
16        <activity
16-->src/main/AndroidManifest.xml:7:9-14:20
17            android:name="com.vanraj.assistant.MainActivity"
17-->src/main/AndroidManifest.xml:8:13-41
18            android:exported="true" >
18-->src/main/AndroidManifest.xml:9:13-36
19            <intent-filter>
19-->src/main/AndroidManifest.xml:10:13-13:29
20                <action android:name="android.intent.action.MAIN" />
20-->src/main/AndroidManifest.xml:11:17-69
20-->src/main/AndroidManifest.xml:11:25-66
21
22                <category android:name="android.intent.category.LAUNCHER" />
22-->src/main/AndroidManifest.xml:12:17-77
22-->src/main/AndroidManifest.xml:12:27-74
23            </intent-filter>
24        </activity>
25
26        <service
26-->src/main/AndroidManifest.xml:16:9-29:19
27            android:name="com.vanraj.assistant.VoiceAccessibilityService"
27-->src/main/AndroidManifest.xml:17:13-54
28            android:exported="false"
28-->src/main/AndroidManifest.xml:19:13-37
29            android:permission="android.permission.BIND_ACCESSIBILITY_SERVICE" >
29-->src/main/AndroidManifest.xml:18:13-79
30            <intent-filter>
30-->src/main/AndroidManifest.xml:21:13-23:29
31                <action android:name="android.accessibilityservice.AccessibilityService" />
31-->src/main/AndroidManifest.xml:22:17-92
31-->src/main/AndroidManifest.xml:22:25-89
32            </intent-filter>
33
34            <meta-data
34-->src/main/AndroidManifest.xml:25:13-27:72
35                android:name="android.accessibilityservice"
35-->src/main/AndroidManifest.xml:26:17-60
36                android:resource="@xml/accessibility_service_config" />
36-->src/main/AndroidManifest.xml:27:17-69
37        </service>
38    </application>
39
40</manifest>